[+] Containers:
 |- [+] Container: /Game/ThirdPerson/Maps/ThirdPersonMap
 |   |- [+] ActorDescs:
 |   |   |- Guid:270F3BB24257E180D52C7EA6136BCA57 BaseClass:/Game/ThirdPerson/BP_WeaponsSpwn_Place.BP_WeaponsSpwn_Place_C NativeClass:/Script/Engine.Actor Name:WeaponsSpwn_Place_C_UAID_089798A98DC1666301_1844023655 Label:WeaponsSpwn_Place SpatiallyLoaded:1 Bounds:IsValid=true, Min=(X=3324.250 Y=1528.250 Z=6.508), Max=(X=3611.750 Y=1815.750 Z=31.125) RuntimeGrid:None EditorOnly:0 RuntimeOnly:0 HLODRelevant:0
 |   |   |- Guid:2DE05B80423CA1224E683BA281FCF500 BaseClass:/Game/ThirdPerson/AI_Characters/BP_AI_Character.BP_AI_Character_C NativeClass:/Script/Engine.Character Name:BP_AI_Character_C_UAID_089798A98DC15A6301_2026071546 Label:BP_AI_Character2 SpatiallyLoaded:1 Bounds:IsValid=true, Min=(X=4274.000 Y=4514.000 Z=-0.966), Max=(X=4344.000 Y=4584.000 Z=180.000) RuntimeGrid:None EditorOnly:0 RuntimeOnly:0 HLODRelevant:0
 |   |   |- Guid:2FB58999456391D349DC0F86DAC136ED BaseClass: NativeClass:/Script/Engine.SkyLight Name:SkyLight_1 Label:SkyLight SpatiallyLoaded:0 Bounds:IsValid=true, Min=(X=0.000 Y=0.000 Z=690.000), Max=(X=0.000 Y=0.000 Z=690.000) RuntimeGrid:None EditorOnly:0 RuntimeOnly:0 HLODRelevant:0 FolderPath:Lighting FolderGuid:963EC3EB4002CCE9759E2EBA541A873A
 |   |   |- Guid:3025F9EA468E578E81A7E5BF40AB274F BaseClass: NativeClass:/Script/NavigationSystem.RecastNavMesh Name:RecastNavMesh_UAID_089798A98DC15F6301-Default Label:RecastNavMesh-Default SpatiallyLoaded:0 Bounds:IsValid=true, Min=(X=0.000 Y=0.000 Z=0.000), Max=(X=0.000 Y=0.000 Z=0.000) RuntimeGrid:None EditorOnly:0 RuntimeOnly:0 HLODRelevant:0
 |   |   |- Guid:316CF2A6494ACA4C0E4180A87D36AB8F BaseClass: NativeClass:/Script/Engine.ExponentialHeightFog Name:ExponentialHeightFog_0 Label:ExponentialHeightFog SpatiallyLoaded:0 Bounds:IsValid=true, Min=(X=-5600.000 Y=-50.000 Z=-6850.000), Max=(X=-5600.000 Y=-50.000 Z=-6850.000) RuntimeGrid:None EditorOnly:0 RuntimeOnly:0 HLODRelevant:0 FolderPath:Lighting FolderGuid:963EC3EB4002CCE9759E2EBA541A873A
 |   |   |- Guid:390982984CDAE97436A6CEAD2E4ADC30 BaseClass: NativeClass:/Script/Engine.SkeletalMeshActor Name:SkeletalMeshActor_UAID_089798A98DC1586301_1818224192 Label:SK_KA47_X SpatiallyLoaded:1 Bounds:IsValid=true, Min=(X=4826.044 Y=1075.750 Z=52.216), Max=(X=4913.542 Y=1080.537 Z=77.550) RuntimeGrid:None EditorOnly:0 RuntimeOnly:0 HLODRelevant:0
 |   |   |- Guid:3A00AA1C422CE54C0BDB60BAF471BFBB BaseClass: NativeClass:/Script/Engine.PlayerStart Name:PlayerStart_0 Label:PlayerStart SpatiallyLoaded:0 Bounds:IsValid=true, Min=(X=860.000 Y=1070.000 Z=0.013), Max=(X=940.000 Y=1150.000 Z=184.013) RuntimeGrid:None EditorOnly:0 RuntimeOnly:0 HLODRelevant:0
 |   |   |- Guid:43815E84492231AFC407F59E3C28176B BaseClass: NativeClass:/Script/Engine.StaticMeshActor Name:StaticMeshActor_4 Label:SM_Cube6 SpatiallyLoaded:1 Bounds:IsValid=true, Min=(X=5060.000 Y=100.000 Z=0.000), Max=(X=5160.000 Y=5350.000 Z=400.000) RuntimeGrid:None EditorOnly:0 RuntimeOnly:0 HLODRelevant:1 FolderPath:Playground FolderGuid:C73F09FC4215536B1DCE2A9E0A830C70
 |   |   |- Guid:49ACA20F4965660800350395EEC399FB BaseClass: NativeClass:/Script/NavigationSystem.NavMeshBoundsVolume Name:NavMeshBoundsVolume_UAID_089798A98DC1656301_1135806486 Label:NavMeshBoundsVolume SpatiallyLoaded:0 Bounds:IsValid=true, Min=(X=-459.000 Y=1054.000 Z=-2800.000), Max=(X=5141.000 Y=6654.000 Z=2800.000) RuntimeGrid:None EditorOnly:0 RuntimeOnly:0 HLODRelevant:0
 |   |   |- Guid:4D3BE93F4146AAAC8BBE79999D96D57F BaseClass: NativeClass:/Script/Engine.VolumetricCloud Name:VolumetricCloud_0 Label:VolumetricCloud SpatiallyLoaded:0 Bounds:IsValid=true, Min=(X=0.000 Y=0.000 Z=820.000), Max=(X=0.000 Y=0.000 Z=820.000) RuntimeGrid:None EditorOnly:0 RuntimeOnly:0 HLODRelevant:0 FolderPath:Lighting FolderGuid:963EC3EB4002CCE9759E2EBA541A873A
 |   |   |- Guid:569ECE3946CA0555054375A345A0B8D3 BaseClass: NativeClass:/Script/Engine.StaticMeshActor Name:StaticMeshActor_UAID_089798A98DC14E6301_1553912439 Label:SM_Rock002 SpatiallyLoaded:1 Bounds:IsValid=true, Min=(X=3008.863 Y=3457.165 Z=-98.864), Max=(X=3638.679 Y=4036.175 Z=249.902) RuntimeGrid:None EditorOnly:0 RuntimeOnly:0 HLODRelevant:1
 |   |   |- Guid:5A0378944C295F2BCC42BEBCC19EF1D1 BaseClass: NativeClass:/Script/Engine.StaticMeshActor Name:StaticMeshActor_UAID_089798A98DC14F6301_1442468627 Label:SM_Veg8 SpatiallyLoaded:1 Bounds:IsValid=true, Min=(X=2436.205 Y=4338.601 Z=-21.242), Max=(X=2741.005 Y=4633.303 Z=174.094) RuntimeGrid:None EditorOnly:0 RuntimeOnly:0 HLODRelevant:1
 |   |   |- Guid:5B97F4A64FB21F77EFC44386BF705B4C BaseClass: NativeClass:/Script/Engine.TextRenderActor Name:TextRenderActor_1 Label:TextRenderActor SpatiallyLoaded:1 Bounds:IsValid=true, Min=(X=-0.100 Y=1100.000 Z=65.013), Max=(X=-0.100 Y=2392.308 Z=215.013) RuntimeGrid:None EditorOnly:0 RuntimeOnly:0 HLODRelevant:0
 |   |   |- Guid:5F07ACCA48BEC9151D1FA79FBB7C32C7 BaseClass: NativeClass:/Script/Engine.StaticMeshActor Name:StaticMeshActor_UAID_089798A98DC14F6301_1079513626 Label:SM_Bush4 SpatiallyLoaded:1 Bounds:IsValid=true, Min=(X=2507.502 Y=832.109 Z=-55.974), Max=(X=2735.643 Y=1040.205 Z=157.481) RuntimeGrid:None EditorOnly:0 RuntimeOnly:0 HLODRelevant:1
 |   |   |- Guid:6BAF4DDD444C60371492D3919DB42C97 BaseClass: NativeClass:/Script/Engine.WorldDataLayers Name:WorldDataLayers Label:WorldDataLayers SpatiallyLoaded:0 Bounds:IsValid=true, Min=(X=0.000 Y=0.000 Z=0.000), Max=(X=0.000 Y=0.000 Z=0.000) RuntimeGrid:None EditorOnly:0 RuntimeOnly:0 HLODRelevant:0
 |   |   |- Guid:6D87EC64452BFA876B6486AF82B9A5D6 BaseClass: NativeClass:/Script/Engine.StaticMeshActor Name:StaticMeshActor_UAID_089798A98DC14E6301_1735869442 Label:SM_Veg033 SpatiallyLoaded:1 Bounds:IsValid=true, Min=(X=3997.476 Y=996.354 Z=-8.687), Max=(X=5003.208 Y=2029.940 Z=169.772) RuntimeGrid:None EditorOnly:0 RuntimeOnly:0 HLODRelevant:1
 |   |   |- Guid:74160DB540003247310DC3A9F19889F4 BaseClass: NativeClass:/Script/Engine.StaticMeshActor Name:StaticMeshActor_UAID_089798A98DC14E6301_2000406446 Label:SM_Veg007 SpatiallyLoaded:1 Bounds:IsValid=true, Min=(X=3698.898 Y=1445.519 Z=-26.699), Max=(X=4186.578 Y=1917.042 Z=285.839) RuntimeGrid:None EditorOnly:0 RuntimeOnly:0 HLODRelevant:1
 |   |   |- Guid:7524AA5B4A20733151DD47BE901A4C3F BaseClass: NativeClass:/Script/Engine.StaticMeshActor Name:StaticMeshActor_UAID_089798A98DC14E6301_1645334440 Label:SM_Bush2 SpatiallyLoaded:1 Bounds:IsValid=true, Min=(X=4070.537 Y=1513.099 Z=-50.229), Max=(X=4296.607 Y=1701.985 Z=108.969) RuntimeGrid:None EditorOnly:0 RuntimeOnly:0 HLODRelevant:1
 |   |   |- Guid:7EB40CC649AE57513495F1A5E174633E BaseClass: NativeClass:/Script/Engine.StaticMeshActor Name:StaticMeshActor_UAID_089798A98DC14E6301_1361920434 Label:SM_Bush03 SpatiallyLoaded:1 Bounds:IsValid=true, Min=(X=3707.943 Y=1776.635 Z=-7.774), Max=(X=4126.202 Y=2158.144 Z=347.984) RuntimeGrid:None EditorOnly:0 RuntimeOnly:0 HLODRelevant:1
 |   |   |- Guid:7F4E3CAF412F5FF77F9C79A65BBAEEFB BaseClass:/Game/ThirdPerson/AI_Characters/BP_AI_Character.BP_AI_Character_C NativeClass:/Script/Engine.Character Name:BP_AI_Character_C_UAID_089798A98DC1596301_1698738369 Label:BP_AI_Character SpatiallyLoaded:1 Bounds:IsValid=true, Min=(X=3559.000 Y=4387.000 Z=-0.966), Max=(X=3629.000 Y=4457.000 Z=180.000) RuntimeGrid:None EditorOnly:0 RuntimeOnly:0 HLODRelevant:0
 |   |   |- Guid:99504BB64A0B1A1A5AA42D8C84C7DBF4 BaseClass: NativeClass:/Script/Engine.StaticMeshActor Name:StaticMeshActor_UAID_089798A98DC14E6301_1353693432 Label:SM_Bush01 SpatiallyLoaded:1 Bounds:IsValid=true, Min=(X=2217.197 Y=3458.068 Z=-71.037), Max=(X=2398.053 Y=3609.177 Z=56.322) RuntimeGrid:None EditorOnly:0 RuntimeOnly:0 HLODRelevant:1
 |   |   |- Guid:A56216954B2165CF0F35A886B537D536 BaseClass: NativeClass:/Script/Engine.StaticMeshActor Name:StaticMeshActor_0 Label:SM_Cube5 SpatiallyLoaded:1 Bounds:IsValid=true, Min=(X=-0.000 Y=100.000 Z=0.000), Max=(X=100.000 Y=5325.000 Z=400.000) RuntimeGrid:None EditorOnly:0 RuntimeOnly:0 HLODRelevant:1 FolderPath:Playground FolderGuid:C73F09FC4215536B1DCE2A9E0A830C70
 |   |   |- Guid:A5F7E7A148B284E575EF48A3F8A4020A BaseClass: NativeClass:/Script/Engine.StaticMeshActor Name:StaticMeshActor_UAID_089798A98DC14E6301_1767630443 Label:SM_Veg34 SpatiallyLoaded:1 Bounds:IsValid=true, Min=(X=1838.616 Y=3910.974 Z=-823.063), Max=(X=2201.797 Y=4284.213 Z=-758.619) RuntimeGrid:None EditorOnly:0 RuntimeOnly:0 HLODRelevant:1
 |   |   |- Guid:A762A16F457AC749B03B4FBED94AB406 BaseClass: NativeClass:/Script/Engine.StaticMeshActor Name:StaticMeshActor_UAID_089798A98DC14E6301_1431301438 Label:SM_Rock2 SpatiallyLoaded:1 Bounds:IsValid=true, Min=(X=1079.091 Y=3538.709 Z=-53.248), Max=(X=2015.021 Y=4264.163 Z=343.623) RuntimeGrid:None EditorOnly:0 RuntimeOnly:0 HLODRelevant:1
 |   |   |- Guid:B785ED2844B84CFB91E7F39FE661CD99 BaseClass: NativeClass:/Script/Engine.DirectionalLight Name:DirectionalLight_0 Label:DirectionalLight SpatiallyLoaded:0 Bounds:IsValid=true, Min=(X=-1048576.000 Y=-1048576.000 Z=-1048576.000), Max=(X=1048576.000 Y=1048576.000 Z=1048576.000) RuntimeGrid:None EditorOnly:0 RuntimeOnly:0 HLODRelevant:0 FolderPath:Lighting FolderGuid:963EC3EB4002CCE9759E2EBA541A873A
 |   |   |- Guid:B8CECA9640051BB79114538BDAC65D3F BaseClass: NativeClass:/Script/NavigationSystem.NavMeshBoundsVolume Name:NavMeshBoundsVolume_UAID_089798A98DC15F6301_1947733428 Label:NavMeshBoundsVolume SpatiallyLoaded:0 Bounds:IsValid=true, Min=(X=74.000 Y=1904.000 Z=-1212.000), Max=(X=4124.000 Y=6154.000 Z=1038.000) RuntimeGrid:None EditorOnly:0 RuntimeOnly:0 HLODRelevant:0
 |   |   |- Guid:BC08B79C4EA3C961CFF75EBBE83B367D BaseClass: NativeClass:/Script/Engine.StaticMeshActor Name:StaticMeshActor_5 Label:SM_Cube2 SpatiallyLoaded:1 Bounds:IsValid=true, Min=(X=0.000 Y=0.000 Z=0.000), Max=(X=5100.000 Y=100.000 Z=400.000) RuntimeGrid:None EditorOnly:0 RuntimeOnly:0 HLODRelevant:1 FolderPath:Playground FolderGuid:C73F09FC4215536B1DCE2A9E0A830C70
 |   |   |- Guid:C719833449D7D342F1914CA0FDB73CED BaseClass:/Game/ThirdPerson/BP_ThirdPerson/BP_ThirdPersonCharacter.BP_ThirdPersonCharacter_C NativeClass:/Script/Engine.Character Name:BP_ThirdPersonCharacter_C_UAID_089798A98DC1506301_1584062809 Label:BP_ThirdPersonCharacter SpatiallyLoaded:1 Bounds:IsValid=true, Min=(X=4458.145 Y=538.505 Z=-0.966), Max=(X=4555.000 Y=715.000 Z=180.000) RuntimeGrid:None EditorOnly:0 RuntimeOnly:0 HLODRelevant:0
 |   |   |- Guid:CCFF262C46EEFFDF319E7F9539CE697E BaseClass: NativeClass:/Script/Engine.SkyAtmosphere Name:SkyAtmosphere_0 Label:SkyAtmosphere SpatiallyLoaded:0 Bounds:IsValid=true, Min=(X=0.000 Y=0.000 Z=1020.000), Max=(X=0.000 Y=0.000 Z=1020.000) RuntimeGrid:None EditorOnly:0 RuntimeOnly:0 HLODRelevant:0 FolderPath:Lighting FolderGuid:963EC3EB4002CCE9759E2EBA541A873A
 |   |   |- Guid:D237D17645E80788BEFFBFA746B05DCD BaseClass: NativeClass:/Script/NavigationSystem.NavMeshBoundsVolume Name:NavMeshBoundsVolume_UAID_089798A98DC1616301_1675137781 Label:NavMeshBoundsVolume SpatiallyLoaded:0 Bounds:IsValid=true, Min=(X=-974.738 Y=2139.963 Z=-1988.349), Max=(X=8975.262 Y=6339.963 Z=2311.651) RuntimeGrid:None EditorOnly:0 RuntimeOnly:0 HLODRelevant:0
 |   |   |- Guid:E2D859AC453B51ACC73C2A97FE24B269 BaseClass: NativeClass:/Script/Engine.StaticMeshActor Name:StaticMeshActor_UAID_089798A98DC14F6301_1870615629 Label:SM_Roots002 SpatiallyLoaded:1 Bounds:IsValid=true, Min=(X=487.676 Y=2716.014 Z=-193.681), Max=(X=1275.425 Y=3244.098 Z=369.002) RuntimeGrid:None EditorOnly:0 RuntimeOnly:0 HLODRelevant:1
 |   |   |- Guid:E846F75846542B8272C6E8AF113C9D56 BaseClass: NativeClass:/Script/Engine.StaticMeshActor Name:StaticMeshActor_UAID_089798A98DC14E6301_2056050447 Label:SM_Veg012 SpatiallyLoaded:1 Bounds:IsValid=true, Min=(X=2289.113 Y=4391.729 Z=1.462), Max=(X=2655.582 Y=4772.920 Z=64.080) RuntimeGrid:None EditorOnly:0 RuntimeOnly:0 HLODRelevant:1
 |   |   |- Guid:EC4E0C944CE6AC6E784BC6BB2916EA13 BaseClass: NativeClass:/Script/Engine.StaticMeshActor Name:StaticMeshActor_UAID_A4AE111137DC5EFB00_1110535423 Label:SM_SkySphere SpatiallyLoaded:0 Bounds:IsValid=true, Min=(X=-1681408.000 Y=-1636352.000 Z=-1637376.000), Max=(X=1681408.000 Y=1636352.000 Z=1637376.000) RuntimeGrid:None EditorOnly:0 RuntimeOnly:0 HLODRelevant:1 FolderPath:Lighting FolderGuid:963EC3EB4002CCE9759E2EBA541A873A
 |   |   |- Guid:ED10E1D3462916706E72159FCB757200 BaseClass: NativeClass:/Script/Engine.StaticMeshActor Name:StaticMeshActor_UAID_089798A98DC14E6301_1358397433 Label:SM_Bush02 SpatiallyLoaded:1 Bounds:IsValid=true, Min=(X=3961.159 Y=1783.673 Z=-0.352), Max=(X=4266.016 Y=2080.853 Z=306.801) RuntimeGrid:None EditorOnly:0 RuntimeOnly:0 HLODRelevant:1
 |   |   |- Guid:EF5E0F22421B571E86F83A8C6CE9F379 BaseClass: NativeClass:/Script/Engine.StaticMeshActor Name:StaticMeshActor_UAID_089798A98DC14E6301_1396409436 Label:SM_Rock001 SpatiallyLoaded:1 Bounds:IsValid=true, Min=(X=1169.177 Y=4450.670 Z=-3.803), Max=(X=1239.813 Y=4506.474 Z=24.545) RuntimeGrid:None EditorOnly:0 RuntimeOnly:0 HLODRelevant:1
 |   |   |- Guid:F1924B8D48954B30891B2DB6A694F9CC BaseClass: NativeClass:/Script/Engine.StaticMeshActor Name:StaticMeshActor_1 Label:SM_Cube SpatiallyLoaded:1 Bounds:IsValid=true, Min=(X=0.000 Y=0.000 Z=-50.000), Max=(X=5175.000 Y=5275.000 Z=0.000) RuntimeGrid:None EditorOnly:0 RuntimeOnly:0 HLODRelevant:1 FolderPath:Playground FolderGuid:C73F09FC4215536B1DCE2A9E0A830C70
 |   |   |- Guid:F5E3FEB3450C49844FD93DA8E083C8AD BaseClass: NativeClass:/Script/Engine.PostProcessVolume Name:PostProcessVolume_0 Label:PostProcessVolume SpatiallyLoaded:0 Bounds:IsValid=true, Min=(X=0.000 Y=0.000 Z=400.000), Max=(X=200.000 Y=200.000 Z=600.000) RuntimeGrid:None EditorOnly:0 RuntimeOnly:0 HLODRelevant:0 FolderPath:Lighting FolderGuid:963EC3EB4002CCE9759E2EBA541A873A
 |   |   |- Guid:FF698C67459ADB4982D7759C0905EE9F BaseClass: NativeClass:/Script/Engine.StaticMeshActor Name:StaticMeshActor_6 Label:SM_Cube3 SpatiallyLoaded:1 Bounds:IsValid=true, Min=(X=0.000 Y=5240.000 Z=0.000), Max=(X=5175.000 Y=5340.000 Z=400.000) RuntimeGrid:None EditorOnly:0 RuntimeOnly:0 HLODRelevant:1 FolderPath:Playground FolderGuid:C73F09FC4215536B1DCE2A9E0A830C70
 |   |- [+] Clusters:
 |   |   |- [+] [  0]
 |   |   |   |- Guid:6BAF4DDD444C60371492D3919DB42C97 BaseClass: NativeClass:/Script/Engine.WorldDataLayers Name:WorldDataLayers Label:WorldDataLayers SpatiallyLoaded:0 Bounds:IsValid=true, Min=(X=0.000 Y=0.000 Z=0.000), Max=(X=0.000 Y=0.000 Z=0.000) RuntimeGrid:None EditorOnly:0 RuntimeOnly:0 HLODRelevant:0
 |   |   |- [+] [  1]
 |   |   |   |- Guid:5F07ACCA48BEC9151D1FA79FBB7C32C7 BaseClass: NativeClass:/Script/Engine.StaticMeshActor Name:StaticMeshActor_UAID_089798A98DC14F6301_1079513626 Label:SM_Bush4 SpatiallyLoaded:1 Bounds:IsValid=true, Min=(X=2507.502 Y=832.109 Z=-55.974), Max=(X=2735.643 Y=1040.205 Z=157.481) RuntimeGrid:None EditorOnly:0 RuntimeOnly:0 HLODRelevant:1
 |   |   |- [+] [  2]
 |   |   |   |- Guid:F5E3FEB3450C49844FD93DA8E083C8AD BaseClass: NativeClass:/Script/Engine.PostProcessVolume Name:PostProcessVolume_0 Label:PostProcessVolume SpatiallyLoaded:0 Bounds:IsValid=true, Min=(X=0.000 Y=0.000 Z=400.000), Max=(X=200.000 Y=200.000 Z=600.000) RuntimeGrid:None EditorOnly:0 RuntimeOnly:0 HLODRelevant:0 FolderPath:Lighting FolderGuid:963EC3EB4002CCE9759E2EBA541A873A
 |   |   |- [+] [  3]
 |   |   |   |- Guid:7F4E3CAF412F5FF77F9C79A65BBAEEFB BaseClass:/Game/ThirdPerson/AI_Characters/BP_AI_Character.BP_AI_Character_C NativeClass:/Script/Engine.Character Name:BP_AI_Character_C_UAID_089798A98DC1596301_1698738369 Label:BP_AI_Character SpatiallyLoaded:1 Bounds:IsValid=true, Min=(X=3559.000 Y=4387.000 Z=-0.966), Max=(X=3629.000 Y=4457.000 Z=180.000) RuntimeGrid:None EditorOnly:0 RuntimeOnly:0 HLODRelevant:0
 |   |   |- [+] [  4]
 |   |   |   |- Guid:E846F75846542B8272C6E8AF113C9D56 BaseClass: NativeClass:/Script/Engine.StaticMeshActor Name:StaticMeshActor_UAID_089798A98DC14E6301_2056050447 Label:SM_Veg012 SpatiallyLoaded:1 Bounds:IsValid=true, Min=(X=2289.113 Y=4391.729 Z=1.462), Max=(X=2655.582 Y=4772.920 Z=64.080) RuntimeGrid:None EditorOnly:0 RuntimeOnly:0 HLODRelevant:1
 |   |   |- [+] [  5]
 |   |   |   |- Guid:5B97F4A64FB21F77EFC44386BF705B4C BaseClass: NativeClass:/Script/Engine.TextRenderActor Name:TextRenderActor_1 Label:TextRenderActor SpatiallyLoaded:1 Bounds:IsValid=true, Min=(X=-0.100 Y=1100.000 Z=65.013), Max=(X=-0.100 Y=2392.308 Z=215.013) RuntimeGrid:None EditorOnly:0 RuntimeOnly:0 HLODRelevant:0
 |   |   |- [+] [  6]
 |   |   |   |- Guid:4D3BE93F4146AAAC8BBE79999D96D57F BaseClass: NativeClass:/Script/Engine.VolumetricCloud Name:VolumetricCloud_0 Label:VolumetricCloud SpatiallyLoaded:0 Bounds:IsValid=true, Min=(X=0.000 Y=0.000 Z=820.000), Max=(X=0.000 Y=0.000 Z=820.000) RuntimeGrid:None EditorOnly:0 RuntimeOnly:0 HLODRelevant:0 FolderPath:Lighting FolderGuid:963EC3EB4002CCE9759E2EBA541A873A
 |   |   |- [+] [  7]
 |   |   |   |- Guid:A762A16F457AC749B03B4FBED94AB406 BaseClass: NativeClass:/Script/Engine.StaticMeshActor Name:StaticMeshActor_UAID_089798A98DC14E6301_1431301438 Label:SM_Rock2 SpatiallyLoaded:1 Bounds:IsValid=true, Min=(X=1079.091 Y=3538.709 Z=-53.248), Max=(X=2015.021 Y=4264.163 Z=343.623) RuntimeGrid:None EditorOnly:0 RuntimeOnly:0 HLODRelevant:1
 |   |   |- [+] [  8]
 |   |   |   |- Guid:EF5E0F22421B571E86F83A8C6CE9F379 BaseClass: NativeClass:/Script/Engine.StaticMeshActor Name:StaticMeshActor_UAID_089798A98DC14E6301_1396409436 Label:SM_Rock001 SpatiallyLoaded:1 Bounds:IsValid=true, Min=(X=1169.177 Y=4450.670 Z=-3.803), Max=(X=1239.813 Y=4506.474 Z=24.545) RuntimeGrid:None EditorOnly:0 RuntimeOnly:0 HLODRelevant:1
 |   |   |- [+] [  9]
 |   |   |   |- Guid:CCFF262C46EEFFDF319E7F9539CE697E BaseClass: NativeClass:/Script/Engine.SkyAtmosphere Name:SkyAtmosphere_0 Label:SkyAtmosphere SpatiallyLoaded:0 Bounds:IsValid=true, Min=(X=0.000 Y=0.000 Z=1020.000), Max=(X=0.000 Y=0.000 Z=1020.000) RuntimeGrid:None EditorOnly:0 RuntimeOnly:0 HLODRelevant:0 FolderPath:Lighting FolderGuid:963EC3EB4002CCE9759E2EBA541A873A
 |   |   |- [+] [ 10]
 |   |   |   |- Guid:EC4E0C944CE6AC6E784BC6BB2916EA13 BaseClass: NativeClass:/Script/Engine.StaticMeshActor Name:StaticMeshActor_UAID_A4AE111137DC5EFB00_1110535423 Label:SM_SkySphere SpatiallyLoaded:0 Bounds:IsValid=true, Min=(X=-1681408.000 Y=-1636352.000 Z=-1637376.000), Max=(X=1681408.000 Y=1636352.000 Z=1637376.000) RuntimeGrid:None EditorOnly:0 RuntimeOnly:0 HLODRelevant:1 FolderPath:Lighting FolderGuid:963EC3EB4002CCE9759E2EBA541A873A
 |   |   |- [+] [ 11]
 |   |   |   |- Guid:43815E84492231AFC407F59E3C28176B BaseClass: NativeClass:/Script/Engine.StaticMeshActor Name:StaticMeshActor_4 Label:SM_Cube6 SpatiallyLoaded:1 Bounds:IsValid=true, Min=(X=5060.000 Y=100.000 Z=0.000), Max=(X=5160.000 Y=5350.000 Z=400.000) RuntimeGrid:None EditorOnly:0 RuntimeOnly:0 HLODRelevant:1 FolderPath:Playground FolderGuid:C73F09FC4215536B1DCE2A9E0A830C70
 |   |   |- [+] [ 12]
 |   |   |   |- Guid:E2D859AC453B51ACC73C2A97FE24B269 BaseClass: NativeClass:/Script/Engine.StaticMeshActor Name:StaticMeshActor_UAID_089798A98DC14F6301_1870615629 Label:SM_Roots002 SpatiallyLoaded:1 Bounds:IsValid=true, Min=(X=487.676 Y=2716.014 Z=-193.681), Max=(X=1275.425 Y=3244.098 Z=369.002) RuntimeGrid:None EditorOnly:0 RuntimeOnly:0 HLODRelevant:1
 |   |   |- [+] [ 13]
 |   |   |   |- Guid:B785ED2844B84CFB91E7F39FE661CD99 BaseClass: NativeClass:/Script/Engine.DirectionalLight Name:DirectionalLight_0 Label:DirectionalLight SpatiallyLoaded:0 Bounds:IsValid=true, Min=(X=-1048576.000 Y=-1048576.000 Z=-1048576.000), Max=(X=1048576.000 Y=1048576.000 Z=1048576.000) RuntimeGrid:None EditorOnly:0 RuntimeOnly:0 HLODRelevant:0 FolderPath:Lighting FolderGuid:963EC3EB4002CCE9759E2EBA541A873A
 |   |   |- [+] [ 14]
 |   |   |   |- Guid:49ACA20F4965660800350395EEC399FB BaseClass: NativeClass:/Script/NavigationSystem.NavMeshBoundsVolume Name:NavMeshBoundsVolume_UAID_089798A98DC1656301_1135806486 Label:NavMeshBoundsVolume SpatiallyLoaded:0 Bounds:IsValid=true, Min=(X=-459.000 Y=1054.000 Z=-2800.000), Max=(X=5141.000 Y=6654.000 Z=2800.000) RuntimeGrid:None EditorOnly:0 RuntimeOnly:0 HLODRelevant:0
 |   |   |- [+] [ 15]
 |   |   |   |- Guid:316CF2A6494ACA4C0E4180A87D36AB8F BaseClass: NativeClass:/Script/Engine.ExponentialHeightFog Name:ExponentialHeightFog_0 Label:ExponentialHeightFog SpatiallyLoaded:0 Bounds:IsValid=true, Min=(X=-5600.000 Y=-50.000 Z=-6850.000), Max=(X=-5600.000 Y=-50.000 Z=-6850.000) RuntimeGrid:None EditorOnly:0 RuntimeOnly:0 HLODRelevant:0 FolderPath:Lighting FolderGuid:963EC3EB4002CCE9759E2EBA541A873A
 |   |   |- [+] [ 16]
 |   |   |   |- Guid:F1924B8D48954B30891B2DB6A694F9CC BaseClass: NativeClass:/Script/Engine.StaticMeshActor Name:StaticMeshActor_1 Label:SM_Cube SpatiallyLoaded:1 Bounds:IsValid=true, Min=(X=0.000 Y=0.000 Z=-50.000), Max=(X=5175.000 Y=5275.000 Z=0.000) RuntimeGrid:None EditorOnly:0 RuntimeOnly:0 HLODRelevant:1 FolderPath:Playground FolderGuid:C73F09FC4215536B1DCE2A9E0A830C70
 |   |   |- [+] [ 17]
 |   |   |   |- Guid:ED10E1D3462916706E72159FCB757200 BaseClass: NativeClass:/Script/Engine.StaticMeshActor Name:StaticMeshActor_UAID_089798A98DC14E6301_1358397433 Label:SM_Bush02 SpatiallyLoaded:1 Bounds:IsValid=true, Min=(X=3961.159 Y=1783.673 Z=-0.352), Max=(X=4266.016 Y=2080.853 Z=306.801) RuntimeGrid:None EditorOnly:0 RuntimeOnly:0 HLODRelevant:1
 |   |   |- [+] [ 18]
 |   |   |   |- Guid:B8CECA9640051BB79114538BDAC65D3F BaseClass: NativeClass:/Script/NavigationSystem.NavMeshBoundsVolume Name:NavMeshBoundsVolume_UAID_089798A98DC15F6301_1947733428 Label:NavMeshBoundsVolume SpatiallyLoaded:0 Bounds:IsValid=true, Min=(X=74.000 Y=1904.000 Z=-1212.000), Max=(X=4124.000 Y=6154.000 Z=1038.000) RuntimeGrid:None EditorOnly:0 RuntimeOnly:0 HLODRelevant:0
 |   |   |- [+] [ 19]
 |   |   |   |- Guid:99504BB64A0B1A1A5AA42D8C84C7DBF4 BaseClass: NativeClass:/Script/Engine.StaticMeshActor Name:StaticMeshActor_UAID_089798A98DC14E6301_1353693432 Label:SM_Bush01 SpatiallyLoaded:1 Bounds:IsValid=true, Min=(X=2217.197 Y=3458.068 Z=-71.037), Max=(X=2398.053 Y=3609.177 Z=56.322) RuntimeGrid:None EditorOnly:0 RuntimeOnly:0 HLODRelevant:1
 |   |   |- [+] [ 20]
 |   |   |   |- Guid:2FB58999456391D349DC0F86DAC136ED BaseClass: NativeClass:/Script/Engine.SkyLight Name:SkyLight_1 Label:SkyLight SpatiallyLoaded:0 Bounds:IsValid=true, Min=(X=0.000 Y=0.000 Z=690.000), Max=(X=0.000 Y=0.000 Z=690.000) RuntimeGrid:None EditorOnly:0 RuntimeOnly:0 HLODRelevant:0 FolderPath:Lighting FolderGuid:963EC3EB4002CCE9759E2EBA541A873A
 |   |   |- [+] [ 21]
 |   |   |   |- Guid:2DE05B80423CA1224E683BA281FCF500 BaseClass:/Game/ThirdPerson/AI_Characters/BP_AI_Character.BP_AI_Character_C NativeClass:/Script/Engine.Character Name:BP_AI_Character_C_UAID_089798A98DC15A6301_2026071546 Label:BP_AI_Character2 SpatiallyLoaded:1 Bounds:IsValid=true, Min=(X=4274.000 Y=4514.000 Z=-0.966), Max=(X=4344.000 Y=4584.000 Z=180.000) RuntimeGrid:None EditorOnly:0 RuntimeOnly:0 HLODRelevant:0
 |   |   |- [+] [ 22]
 |   |   |   |- Guid:74160DB540003247310DC3A9F19889F4 BaseClass: NativeClass:/Script/Engine.StaticMeshActor Name:StaticMeshActor_UAID_089798A98DC14E6301_2000406446 Label:SM_Veg007 SpatiallyLoaded:1 Bounds:IsValid=true, Min=(X=3698.898 Y=1445.519 Z=-26.699), Max=(X=4186.578 Y=1917.042 Z=285.839) RuntimeGrid:None EditorOnly:0 RuntimeOnly:0 HLODRelevant:1
 |   |   |- [+] [ 23]
 |   |   |   |- Guid:A56216954B2165CF0F35A886B537D536 BaseClass: NativeClass:/Script/Engine.StaticMeshActor Name:StaticMeshActor_0 Label:SM_Cube5 SpatiallyLoaded:1 Bounds:IsValid=true, Min=(X=-0.000 Y=100.000 Z=0.000), Max=(X=100.000 Y=5325.000 Z=400.000) RuntimeGrid:None EditorOnly:0 RuntimeOnly:0 HLODRelevant:1 FolderPath:Playground FolderGuid:C73F09FC4215536B1DCE2A9E0A830C70
 |   |   |- [+] [ 24]
 |   |   |   |- Guid:A5F7E7A148B284E575EF48A3F8A4020A BaseClass: NativeClass:/Script/Engine.StaticMeshActor Name:StaticMeshActor_UAID_089798A98DC14E6301_1767630443 Label:SM_Veg34 SpatiallyLoaded:1 Bounds:IsValid=true, Min=(X=1838.616 Y=3910.974 Z=-823.063), Max=(X=2201.797 Y=4284.213 Z=-758.619) RuntimeGrid:None EditorOnly:0 RuntimeOnly:0 HLODRelevant:1
 |   |   |- [+] [ 25]
 |   |   |   |- Guid:7EB40CC649AE57513495F1A5E174633E BaseClass: NativeClass:/Script/Engine.StaticMeshActor Name:StaticMeshActor_UAID_089798A98DC14E6301_1361920434 Label:SM_Bush03 SpatiallyLoaded:1 Bounds:IsValid=true, Min=(X=3707.943 Y=1776.635 Z=-7.774), Max=(X=4126.202 Y=2158.144 Z=347.984) RuntimeGrid:None EditorOnly:0 RuntimeOnly:0 HLODRelevant:1
 |   |   |- [+] [ 26]
 |   |   |   |- Guid:390982984CDAE97436A6CEAD2E4ADC30 BaseClass: NativeClass:/Script/Engine.SkeletalMeshActor Name:SkeletalMeshActor_UAID_089798A98DC1586301_1818224192 Label:SK_KA47_X SpatiallyLoaded:1 Bounds:IsValid=true, Min=(X=4826.044 Y=1075.750 Z=52.216), Max=(X=4913.542 Y=1080.537 Z=77.550) RuntimeGrid:None EditorOnly:0 RuntimeOnly:0 HLODRelevant:0
 |   |   |- [+] [ 27]
 |   |   |   |- Guid:D237D17645E80788BEFFBFA746B05DCD BaseClass: NativeClass:/Script/NavigationSystem.NavMeshBoundsVolume Name:NavMeshBoundsVolume_UAID_089798A98DC1616301_1675137781 Label:NavMeshBoundsVolume SpatiallyLoaded:0 Bounds:IsValid=true, Min=(X=-974.738 Y=2139.963 Z=-1988.349), Max=(X=8975.262 Y=6339.963 Z=2311.651) RuntimeGrid:None EditorOnly:0 RuntimeOnly:0 HLODRelevant:0
 |   |   |- [+] [ 28]
 |   |   |   |- Guid:7524AA5B4A20733151DD47BE901A4C3F BaseClass: NativeClass:/Script/Engine.StaticMeshActor Name:StaticMeshActor_UAID_089798A98DC14E6301_1645334440 Label:SM_Bush2 SpatiallyLoaded:1 Bounds:IsValid=true, Min=(X=4070.537 Y=1513.099 Z=-50.229), Max=(X=4296.607 Y=1701.985 Z=108.969) RuntimeGrid:None EditorOnly:0 RuntimeOnly:0 HLODRelevant:1
 |   |   |- [+] [ 29]
 |   |   |   |- Guid:3025F9EA468E578E81A7E5BF40AB274F BaseClass: NativeClass:/Script/NavigationSystem.RecastNavMesh Name:RecastNavMesh_UAID_089798A98DC15F6301-Default Label:RecastNavMesh-Default SpatiallyLoaded:0 Bounds:IsValid=true, Min=(X=0.000 Y=0.000 Z=0.000), Max=(X=0.000 Y=0.000 Z=0.000) RuntimeGrid:None EditorOnly:0 RuntimeOnly:0 HLODRelevant:0
 |   |   |- [+] [ 30]
 |   |   |   |- Guid:C719833449D7D342F1914CA0FDB73CED BaseClass:/Game/ThirdPerson/BP_ThirdPerson/BP_ThirdPersonCharacter.BP_ThirdPersonCharacter_C NativeClass:/Script/Engine.Character Name:BP_ThirdPersonCharacter_C_UAID_089798A98DC1506301_1584062809 Label:BP_ThirdPersonCharacter SpatiallyLoaded:1 Bounds:IsValid=true, Min=(X=4458.145 Y=538.505 Z=-0.966), Max=(X=4555.000 Y=715.000 Z=180.000) RuntimeGrid:None EditorOnly:0 RuntimeOnly:0 HLODRelevant:0
 |   |   |- [+] [ 31]
 |   |   |   |- Guid:BC08B79C4EA3C961CFF75EBBE83B367D BaseClass: NativeClass:/Script/Engine.StaticMeshActor Name:StaticMeshActor_5 Label:SM_Cube2 SpatiallyLoaded:1 Bounds:IsValid=true, Min=(X=0.000 Y=0.000 Z=0.000), Max=(X=5100.000 Y=100.000 Z=400.000) RuntimeGrid:None EditorOnly:0 RuntimeOnly:0 HLODRelevant:1 FolderPath:Playground FolderGuid:C73F09FC4215536B1DCE2A9E0A830C70
 |   |   |- [+] [ 32]
 |   |   |   |- Guid:FF698C67459ADB4982D7759C0905EE9F BaseClass: NativeClass:/Script/Engine.StaticMeshActor Name:StaticMeshActor_6 Label:SM_Cube3 SpatiallyLoaded:1 Bounds:IsValid=true, Min=(X=0.000 Y=5240.000 Z=0.000), Max=(X=5175.000 Y=5340.000 Z=400.000) RuntimeGrid:None EditorOnly:0 RuntimeOnly:0 HLODRelevant:1 FolderPath:Playground FolderGuid:C73F09FC4215536B1DCE2A9E0A830C70
 |   |   |- [+] [ 33]
 |   |   |   |- Guid:3A00AA1C422CE54C0BDB60BAF471BFBB BaseClass: NativeClass:/Script/Engine.PlayerStart Name:PlayerStart_0 Label:PlayerStart SpatiallyLoaded:0 Bounds:IsValid=true, Min=(X=860.000 Y=1070.000 Z=0.013), Max=(X=940.000 Y=1150.000 Z=184.013) RuntimeGrid:None EditorOnly:0 RuntimeOnly:0 HLODRelevant:0
 |   |   |- [+] [ 34]
 |   |   |   |- Guid:5A0378944C295F2BCC42BEBCC19EF1D1 BaseClass: NativeClass:/Script/Engine.StaticMeshActor Name:StaticMeshActor_UAID_089798A98DC14F6301_1442468627 Label:SM_Veg8 SpatiallyLoaded:1 Bounds:IsValid=true, Min=(X=2436.205 Y=4338.601 Z=-21.242), Max=(X=2741.005 Y=4633.303 Z=174.094) RuntimeGrid:None EditorOnly:0 RuntimeOnly:0 HLODRelevant:1
 |   |   |- [+] [ 35]
 |   |   |   |- Guid:569ECE3946CA0555054375A345A0B8D3 BaseClass: NativeClass:/Script/Engine.StaticMeshActor Name:StaticMeshActor_UAID_089798A98DC14E6301_1553912439 Label:SM_Rock002 SpatiallyLoaded:1 Bounds:IsValid=true, Min=(X=3008.863 Y=3457.165 Z=-98.864), Max=(X=3638.679 Y=4036.175 Z=249.902) RuntimeGrid:None EditorOnly:0 RuntimeOnly:0 HLODRelevant:1
 |   |   |- [+] [ 36]
 |   |   |   |- Guid:6D87EC64452BFA876B6486AF82B9A5D6 BaseClass: NativeClass:/Script/Engine.StaticMeshActor Name:StaticMeshActor_UAID_089798A98DC14E6301_1735869442 Label:SM_Veg033 SpatiallyLoaded:1 Bounds:IsValid=true, Min=(X=3997.476 Y=996.354 Z=-8.687), Max=(X=5003.208 Y=2029.940 Z=169.772) RuntimeGrid:None EditorOnly:0 RuntimeOnly:0 HLODRelevant:1
 |   |   |- [+] [ 37]
 |   |   |   |- Guid:270F3BB24257E180D52C7EA6136BCA57 BaseClass:/Game/ThirdPerson/BP_WeaponsSpwn_Place.BP_WeaponsSpwn_Place_C NativeClass:/Script/Engine.Actor Name:WeaponsSpwn_Place_C_UAID_089798A98DC1666301_1844023655 Label:WeaponsSpwn_Place SpatiallyLoaded:1 Bounds:IsValid=true, Min=(X=3324.250 Y=1528.250 Z=6.508), Max=(X=3611.750 Y=1815.750 Z=31.125) RuntimeGrid:None EditorOnly:0 RuntimeOnly:0 HLODRelevant:0
 |- ContainerInstances:
 |- [+] MainContainer:
 |   |-        ID: 0x0000000000000000
 |   |-    Bounds: IsValid=false, Min=(X=0.000 Y=0.000 Z=0.000), Max=(X=0.000 Y=0.000 Z=0.000)
 |   |- Transform: 0.000000,0.000000,0.000000|0.000000,0.000000,-0.000000|1.000000,1.000000,1.000000
 |   |- Container: /Game/ThirdPerson/Maps/ThirdPersonMap
----------------------------------------------------------------------------------------------------------------
ThirdPersonMap - Persistent Level
----------------------------------------------------------------------------------------------------------------
Always loaded Actor Count: 48 

----------------------------------------------------------------------------------------------------------------
ThirdPersonMap - Runtime Spatial Hash - Streaming Grid - MainGrid
----------------------------------------------------------------------------------------------------------------
            Origin: X=0.000 Y=0.000 Z=0.000
         Cell Size: 12800
      World Bounds: IsValid=false, Min=(X=0.000 Y=0.000 Z=0.000), Max=(X=0.000 Y=0.000 Z=0.000)
     Loading Range: 25600.00
Block Slow Loading: No
 ClientOnlyVisible: No

[+] Grid Levels: 1
 |- Level  0: Cell Count    0 | Cell Size   12800 | Actor Count    0 (0.0%)

[+] Content of Grid Level 0

